{"uuid":"47e37e54-4ceb-4745-be4a-a7634d90a5f2","historyId":"2aefa758feb9a6dc362d3c9de2c4ab04","fullName":"com.tenpearls.testcases.SignupTestCases.invalidInputs","labels":[{"name":"package","value":"com.tenpearls.testcases.SignupTestCases"},{"name":"testClass","value":"com.tenpearls.testcases.SignupTestCases"},{"name":"testMethod","value":"invalidInputs"},{"name":"parentSuite","value":"Default suite"},{"name":"suite","value":"Default test"},{"name":"subSuite","value":"com.tenpearls.testcases.SignupTestCases"},{"name":"host","value":"NIS-PK608s-MacBook-Pro.local"},{"name":"thread","value":"17509@NIS-PK608s-MacBook-Pro.local.main(1)"},{"name":"framework","value":"testng"},{"name":"language","value":"java"},{"name":"severity","value":"critical"}],"links":[],"name":"invalidInputs","status":"skipped","statusDetails":{"known":false,"muted":false,"flaky":false,"message":"Timed out waiting for driver server to start.\nBuild info: version: '3.5.3', revision: 'a88d25fe6b', time: '2017-08-29T12:42:44.417Z'\nSystem info: host: 'NIS-PK608s-MacBook-Pro.local', ip: '2400:adc5:40e:6a00:0:0:0:4%en0', os.name: 'Mac OS X', os.arch: 'x86_64', os.version: '11.6.5', java.version: '18'\nDriver info: driver.version: ChromeDriver","trace":"org.openqa.selenium.WebDriverException: Timed out waiting for driver server to start.\nBuild info: version: '3.5.3', revision: 'a88d25fe6b', time: '2017-08-29T12:42:44.417Z'\nSystem info: host: 'NIS-PK608s-MacBook-Pro.local', ip: '2400:adc5:40e:6a00:0:0:0:4%en0', os.name: 'Mac OS X', os.arch: 'x86_64', os.version: '11.6.5', java.version: '18'\nDriver info: driver.version: ChromeDriver\n\tat org.openqa.selenium.remote.service.DriverService.waitUntilAvailable(DriverService.java:192)\n\tat org.openqa.selenium.remote.service.DriverService.start(DriverService.java:178)\n\tat org.openqa.selenium.remote.service.DriverCommandExecutor.execute(DriverCommandExecutor.java:78)\n\tat org.openqa.selenium.remote.RemoteWebDriver.execute(RemoteWebDriver.java:646)\n\tat org.openqa.selenium.remote.RemoteWebDriver.startSession(RemoteWebDriver.java:255)\n\tat org.openqa.selenium.remote.RemoteWebDriver.startSession(RemoteWebDriver.java:237)\n\tat org.openqa.selenium.remote.RemoteWebDriver.<init>(RemoteWebDriver.java:138)\n\tat org.openqa.selenium.chrome.ChromeDriver.<init>(ChromeDriver.java:178)\n\tat org.openqa.selenium.chrome.ChromeDriver.<init>(ChromeDriver.java:167)\n\tat org.openqa.selenium.chrome.ChromeDriver.<init>(ChromeDriver.java:156)\n\tat com.tenpearls.setup.TestBase.initialization(TestBase.java:37)\n\tat com.tenpearls.testcases.SignupTestCases.setUp(SignupTestCases.java:32)\n\tat java.base/jdk.internal.reflect.DirectMethodHandleAccessor.invoke(DirectMethodHandleAccessor.java:104)\n\tat java.base/java.lang.reflect.Method.invoke(Method.java:577)\n\tat org.testng.internal.MethodInvocationHelper.invokeMethod(MethodInvocationHelper.java:133)\n\tat org.testng.internal.MethodInvocationHelper.invokeMethodConsideringTimeout(MethodInvocationHelper.java:62)\n\tat org.testng.internal.ConfigInvoker.invokeConfigurationMethod(ConfigInvoker.java:385)\n\tat org.testng.internal.ConfigInvoker.invokeConfigurations(ConfigInvoker.java:321)\n\tat org.testng.TestRunner.invokeTestConfigurations(TestRunner.java:637)\n\tat org.testng.TestRunner.beforeRun(TestRunner.java:627)\n\tat org.testng.TestRunner.run(TestRunner.java:589)\n\tat org.testng.SuiteRunner.runTest(SuiteRunner.java:377)\n\tat org.testng.SuiteRunner.runSequentially(SuiteRunner.java:371)\n\tat org.testng.SuiteRunner.privateRun(SuiteRunner.java:332)\n\tat org.testng.SuiteRunner.run(SuiteRunner.java:276)\n\tat org.testng.SuiteRunnerWorker.runSuite(SuiteRunnerWorker.java:53)\n\tat org.testng.SuiteRunnerWorker.run(SuiteRunnerWorker.java:96)\n\tat org.testng.TestNG.runSuitesSequentially(TestNG.java:1212)\n\tat org.testng.TestNG.runSuitesLocally(TestNG.java:1134)\n\tat org.testng.TestNG.runSuites(TestNG.java:1063)\n\tat org.testng.TestNG.run(TestNG.java:1031)\n\tat org.testng.remote.AbstractRemoteTestNG.run(AbstractRemoteTestNG.java:115)\n\tat org.testng.remote.RemoteTestNG.initAndRun(RemoteTestNG.java:251)\n\tat org.testng.remote.RemoteTestNG.main(RemoteTestNG.java:77)\nCaused by: org.openqa.selenium.net.UrlChecker$TimeoutException: Timed out waiting for [http://localhost:46522/status] to be available after 20003 ms\n\tat org.openqa.selenium.net.UrlChecker.waitUntilAvailable(UrlChecker.java:102)\n\tat org.openqa.selenium.remote.service.DriverService.waitUntilAvailable(DriverService.java:187)\n\t... 33 more\nCaused by: java.util.concurrent.TimeoutException\n\tat java.base/java.util.concurrent.FutureTask.get(FutureTask.java:204)\n\tat com.google.common.util.concurrent.SimpleTimeLimiter.callWithTimeout(SimpleTimeLimiter.java:147)\n\tat org.openqa.selenium.net.UrlChecker.waitUntilAvailable(UrlChecker.java:77)\n\t... 34 more\n"},"stage":"finished","steps":[],"attachments":[],"parameters":[],"start":1656148364440,"stop":1656148364442}